<?xml version="1.0" encoding="UTF-8"?>
<!-- Generated by org.testng.reporters.JUnitXMLReporter -->
<testsuite ignored="2" hostname="SaadiqaPC" failures="0" tests="1" name="LoginWithValidEmailAndPassword" time="12.947" errors="0" timestamp="2024-06-16T00:21:30 IST">
  <testcase classname="tutorialsNinjaTests.LoginTest" name="LoginWithValidEmailAndPassword" time="2.478"/>
  <testcase classname="tutorialsNinjaTests.LoginTest" name="LoginWithBlankEmailValidPassword" time="0.0">
    <ignored/>
  </testcase> <!-- LoginWithBlankEmailValidPassword -->
  <testcase classname="tutorialsNinjaTests.LoginTest" name="LoginWithUnregisteredEmailAndPassword" time="0.0">
    <ignored/>
  </testcase> <!-- LoginWithUnregisteredEmailAndPassword -->
</testsuite> <!-- LoginWithValidEmailAndPassword -->
