<?xml version="1.0" encoding="UTF-8"?>
<!-- Generated by org.testng.reporters.JUnitXMLReporter -->
<testsuite ignored="4" hostname="SaadiqaPC" failures="0" tests="1" name="registerWithValidCredentials" time="27.317" errors="0" timestamp="2024-06-15T20:56:20 IST">
  <testcase classname="tutorialsNinjaTests.RegisterTest" name="registerWithValidCredentials" time="13.517"/>
  <testcase classname="tutorialsNinjaTests.RegisterTest" name="registerWithRegisteredEmailID" time="0.0">
    <ignored/>
  </testcase> <!-- registerWithRegisteredEmailID -->
  <testcase classname="tutorialsNinjaTests.RegisterTest" name="RegisterWithOutName" time="0.0">
    <ignored/>
  </testcase> <!-- RegisterWithOutName -->
  <testcase classname="tutorialsNinjaTests.RegisterTest" name="registerWithInValidCredentials" time="0.0">
    <ignored/>
  </testcase> <!-- registerWithInValidCredentials -->
  <testcase classname="tutorialsNinjaTests.RegisterTest" name="registerWithNoCredentials" time="0.0">
    <ignored/>
  </testcase> <!-- registerWithNoCredentials -->
</testsuite> <!-- registerWithValidCredentials -->
