<?xml version="1.0" encoding="UTF-8"?>
<testsuite xmlns:xsi="http://www.w3.org/2001/XMLSchema-instance" xsi:noNamespaceSchemaLocation="https://maven.apache.org/surefire/maven-surefire-plugin/xsd/surefire-test-report-3.0.xsd" version="3.0" name="TestSuite" time="71.253" tests="4" errors="0" skipped="0" failures="1">
  <properties>
[...]
</properties>
  <testcase name="editUserName" classname="tutorialsNinjaTests.EditAccountTest" time="14.098">
    <system-out><![CDATA[ Reached BaseClass Constructor
true
properties file loaded
 Entered before method
edge browser initiated 1
 Came  out of switch block in bt 
-----------Reached URL -------------https://tutorialsninja.com/demo/
-----------Reached driver page Implicitly WAIT -------------
-----------Reached PageLoadtimeout -------------
-----------Reached Window Maximized -------------
------------------------
Reached HomePage Constructor
----------Coming out of the HomePage Constructor--------------
Reached clickOnRegisterTab method State of driver :https://tutorialsninja.com/demo/
MyAccountDropDown[[EdgeDriver: MicrosoftEdge on windows (cdb7bddb4f2affd57a0aada7a47d48ff)] -> xpath: //a[@title='My Account']]
clicked on MyAccountDropDown 
clicked on RegisterTab 
------------------------
Reached RegisterPage Constructor
Value of rdriver After assignment :EdgeDriver: MicrosoftEdge on windows (cdb7bddb4f2affd57a0aada7a47d48ff)
----------Coming out of the RegisterPage Constructor--------------
length of str :2
got webelements 
entered into for loop
got an element in e1 
got an endindex of:firstname=Noor as 9
value of attribute :firstname
DomAAttribute matched with given attribute  
sendkeys :Noor
entered into for loop
got an element in e1 
got an endindex of:lastname=mukadam as 8
value of attribute :lastname
got an element in e1 
got an endindex of:lastname=mukadam as 8
value of attribute :lastname
DomAAttribute matched with given attribute  
sendkeys :mukadam
]]></system-out>
    <system-err><![CDATA[Jun 20, 2024 1:26:35 PM org.openqa.selenium.devtools.CdpVersionFinder findNearestMatch
WARNING: Unable to find an exact match for CDP version 126, returning the closest version; found: 125; Please update to a Selenium version that supports CDP version 126
]]></system-err>
  </testcase>
  <testcase name="editWithRegisteredEmailID" classname="tutorialsNinjaTests.EditAccountTest" time="16.539">
    <failure message="no such element: Unable to locate element: {&quot;method&quot;:&quot;xpath&quot;,&quot;selector&quot;:&quot;//div[@class=&apos;alert alert-success alert-dismissible&apos;]&quot;}&#10;  (Session info: MicrosoftEdge=126.0.2592.61)&#10;For documentation on this error, please visit: https://www.selenium.dev/documentation/webdriver/troubleshooting/errors#no-such-element-exception&#10;Build info: version: &apos;4.21.0&apos;, revision: &apos;79ed462ef4&apos;&#10;System info: os.name: &apos;Windows 11&apos;, os.arch: &apos;amd64&apos;, os.version: &apos;10.0&apos;, java.version: &apos;22.0.1&apos;&#10;Driver info: org.openqa.selenium.edge.EdgeDriver&#10;Command: [6d124af2210c3c6025df6b76e594503d, findElement {value=//div[@class=&apos;alert alert-success alert-dismissible&apos;], using=xpath}]&#10;Capabilities {acceptInsecureCerts: false, browserName: MicrosoftEdge, browserVersion: 126.0.2592.61, fedcm:accounts: true, ms:edgeOptions: {debuggerAddress: localhost:49954}, msedge: {msedgedriverVersion: 126.0.2592.61 (12efce1c0fb4..., userDataDir: C:\Users\Whynew\AppData\Loc...}, networkConnectionEnabled: false, pageLoadStrategy: normal, platformName: windows, proxy: Proxy(), se:cdp: ws://localhost:49954/devtoo..., se:cdpVersion: 126.0.2592.61, setWindowRect: true, strictFileInteractability: false, timeouts: {implicit: 0, pageLoad: 300000, script: 30000}, unhandledPromptBehavior: dismiss and notify, webauthn:extension:credBlob: true, webauthn:extension:largeBlob: true, webauthn:extension:minPinLength: true, webauthn:extension:prf: true, webauthn:virtualAuthenticators: true}&#10;Session ID: 6d124af2210c3c6025df6b76e594503d" type="org.openqa.selenium.NoSuchElementException"><![CDATA[org.openqa.selenium.NoSuchElementException: 
no such element: Unable to locate element: {"method":"xpath","selector":"//div[@class='alert alert-success alert-dismissible']"}
  (Session info: MicrosoftEdge=126.0.2592.61)
For documentation on this error, please visit: https://www.selenium.dev/documentation/webdriver/troubleshooting/errors#no-such-element-exception
Build info: version: '4.21.0', revision: '79ed462ef4'
System info: os.name: 'Windows 11', os.arch: 'amd64', os.version: '10.0', java.version: '22.0.1'
Driver info: org.openqa.selenium.edge.EdgeDriver
Command: [6d124af2210c3c6025df6b76e594503d, findElement {value=//div[@class='alert alert-success alert-dismissible'], using=xpath}]
Capabilities {acceptInsecureCerts: false, browserName: MicrosoftEdge, browserVersion: 126.0.2592.61, fedcm:accounts: true, ms:edgeOptions: {debuggerAddress: localhost:49954}, msedge: {msedgedriverVersion: 126.0.2592.61 (12efce1c0fb4..., userDataDir: C:\Users\Whynew\AppData\Loc...}, networkConnectionEnabled: false, pageLoadStrategy: normal, platformName: windows, proxy: Proxy(), se:cdp: ws://localhost:49954/devtoo..., se:cdpVersion: 126.0.2592.61, setWindowRect: true, strictFileInteractability: false, timeouts: {implicit: 0, pageLoad: 300000, script: 30000}, unhandledPromptBehavior: dismiss and notify, webauthn:extension:credBlob: true, webauthn:extension:largeBlob: true, webauthn:extension:minPinLength: true, webauthn:extension:prf: true, webauthn:virtualAuthenticators: true}
Session ID: 6d124af2210c3c6025df6b76e594503d
	at java.base/jdk.internal.reflect.DirectConstructorHandleAccessor.newInstance(DirectConstructorHandleAccessor.java:62)
	at java.base/java.lang.reflect.Constructor.newInstanceWithCaller(Constructor.java:502)
	at java.base/java.lang.reflect.Constructor.newInstance(Constructor.java:486)
	at org.openqa.selenium.remote.ErrorCodec.decode(ErrorCodec.java:167)
	at org.openqa.selenium.remote.codec.w3c.W3CHttpResponseCodec.decode(W3CHttpResponseCodec.java:138)
	at org.openqa.selenium.remote.codec.w3c.W3CHttpResponseCodec.decode(W3CHttpResponseCodec.java:50)
	at org.openqa.selenium.remote.HttpCommandExecutor.execute(HttpCommandExecutor.java:190)
	at org.openqa.selenium.remote.service.DriverCommandExecutor.invokeExecute(DriverCommandExecutor.java:216)
	at org.openqa.selenium.remote.service.DriverCommandExecutor.execute(DriverCommandExecutor.java:174)
	at org.openqa.selenium.remote.RemoteWebDriver.execute(RemoteWebDriver.java:518)
	at org.openqa.selenium.remote.ElementLocation$ElementFinder$2.findElement(ElementLocation.java:165)
	at org.openqa.selenium.remote.ElementLocation.findElement(ElementLocation.java:59)
	at org.openqa.selenium.remote.RemoteWebDriver.findElement(RemoteWebDriver.java:355)
	at org.openqa.selenium.remote.RemoteWebDriver.findElement(RemoteWebDriver.java:349)
	at org.openqa.selenium.support.pagefactory.DefaultElementLocator.findElement(DefaultElementLocator.java:68)
	at org.openqa.selenium.support.pagefactory.internal.LocatingElementHandler.invoke(LocatingElementHandler.java:38)
	at jdk.proxy2/jdk.proxy2.$Proxy11.isDisplayed(Unknown Source)
	at tutorialsNinjaWebPages.EditInformationPage.submitEditInfo(EditInformationPage.java:68)
	at tutorialsNinjaTests.EditAccountTest.editWithRegisteredEmailID(EditAccountTest.java:63)
	at java.base/jdk.internal.reflect.DirectMethodHandleAccessor.invoke(DirectMethodHandleAccessor.java:103)
	at java.base/java.lang.reflect.Method.invoke(Method.java:580)
	at org.testng.internal.MethodInvocationHelper.invokeMethod(MethodInvocationHelper.java:133)
	at org.testng.internal.TestInvoker.invokeMethod(TestInvoker.java:598)
	at org.testng.internal.TestInvoker.invokeTestMethod(TestInvoker.java:173)
	at org.testng.internal.MethodRunner.runInSequence(MethodRunner.java:46)
	at org.testng.internal.TestInvoker$MethodInvocationAgent.invoke(TestInvoker.java:824)
	at org.testng.internal.TestInvoker.invokeTestMethods(TestInvoker.java:146)
	at org.testng.internal.TestMethodWorker.invokeTestMethods(TestMethodWorker.java:146)
	at org.testng.internal.TestMethodWorker.run(TestMethodWorker.java:128)
	at java.base/java.util.ArrayList.forEach(ArrayList.java:1597)
	at org.testng.TestRunner.privateRun(TestRunner.java:794)
	at org.testng.TestRunner.run(TestRunner.java:596)
	at org.testng.SuiteRunner.runTest(SuiteRunner.java:377)
	at org.testng.SuiteRunner.runSequentially(SuiteRunner.java:371)
	at org.testng.SuiteRunner.privateRun(SuiteRunner.java:332)
	at org.testng.SuiteRunner.run(SuiteRunner.java:276)
	at org.testng.SuiteRunnerWorker.runSuite(SuiteRunnerWorker.java:53)
	at org.testng.SuiteRunnerWorker.run(SuiteRunnerWorker.java:96)
	at org.testng.TestNG.runSuitesSequentially(TestNG.java:1212)
	at org.testng.TestNG.runSuitesLocally(TestNG.java:1134)
	at org.testng.TestNG.runSuites(TestNG.java:1063)
	at org.testng.TestNG.run(TestNG.java:1031)
	at org.apache.maven.surefire.testng.TestNGExecutor.run(TestNGExecutor.java:308)
	at org.apache.maven.surefire.testng.TestNGXmlTestSuite.execute(TestNGXmlTestSuite.java:71)
	at org.apache.maven.surefire.testng.TestNGProvider.invoke(TestNGProvider.java:113)
	at org.apache.maven.surefire.booter.ForkedBooter.runSuitesInProcess(ForkedBooter.java:385)
	at org.apache.maven.surefire.booter.ForkedBooter.execute(ForkedBooter.java:162)
	at org.apache.maven.surefire.booter.ForkedBooter.run(ForkedBooter.java:507)
	at org.apache.maven.surefire.booter.ForkedBooter.main(ForkedBooter.java:495)
]]></failure>
    <system-out><![CDATA[Test Executed Successfully
took ss 
 Entered before method
edge browser initiated 1
 Came  out of switch block in bt 
-----------Reached URL -------------https://tutorialsninja.com/demo/
-----------Reached driver page Implicitly WAIT -------------
-----------Reached PageLoadtimeout -------------
-----------Reached Window Maximized -------------
------------------------
Reached HomePage Constructor
----------Coming out of the HomePage Constructor--------------
Reached clickOnRegisterTab method State of driver :https://tutorialsninja.com/demo/
MyAccountDropDown[[EdgeDriver: MicrosoftEdge on windows (6d124af2210c3c6025df6b76e594503d)] -> xpath: //a[@title='My Account']]
clicked on MyAccountDropDown 
clicked on RegisterTab 
------------------------
Reached RegisterPage Constructor
Value of rdriver After assignment :EdgeDriver: MicrosoftEdge on windows (6d124af2210c3c6025df6b76e594503d)
----------Coming out of the RegisterPage Constructor--------------
length of str :3
got webelements 
entered into for loop
got an element in e1 
got an endindex of:lastname=zorawar as 8
value of attribute :lastname
got an element in e1 
got an endindex of:lastname=zorawar as 8
value of attribute :lastname
DomAAttribute matched with given attribute  
sendkeys :zorawar
entered into for loop
got an element in e1 
got an endindex of:email=jimmy@gmail.com as 5
value of attribute :email
got an element in e1 
got an endindex of:email=jimmy@gmail.com as 5
value of attribute :email
got an element in e1 
got an endindex of:email=jimmy@gmail.com as 5
value of attribute :email
DomAAttribute matched with given attribute  
sendkeys :jimmy@gmail.com
entered into for loop
got an element in e1 
got an endindex of:telephone=6362239561 as 9
value of attribute :telephone
got an element in e1 
got an endindex of:telephone=6362239561 as 9
value of attribute :telephone
got an element in e1 
got an endindex of:telephone=6362239561 as 9
value of attribute :telephone
got an element in e1 
got an endindex of:telephone=6362239561 as 9
value of attribute :telephone
DomAAttribute matched with given attribute  
sendkeys :6362239561
]]></system-out>
    <system-err><![CDATA[Jun 20, 2024 1:26:50 PM org.openqa.selenium.devtools.CdpVersionFinder findNearestMatch
WARNING: Unable to find an exact match for CDP version 126, returning the closest version; found: 125; Please update to a Selenium version that supports CDP version 126
]]></system-err>
  </testcase>
  <testcase name="editWithRegisteredTelephone" classname="tutorialsNinjaTests.EditAccountTest" time="19.567">
    <system-out><![CDATA[Test Failed
 Entered before method
edge browser initiated 1
 Came  out of switch block in bt 
-----------Reached URL -------------https://tutorialsninja.com/demo/
-----------Reached driver page Implicitly WAIT -------------
-----------Reached PageLoadtimeout -------------
-----------Reached Window Maximized -------------
------------------------
Reached HomePage Constructor
----------Coming out of the HomePage Constructor--------------
Reached clickOnRegisterTab method State of driver :https://tutorialsninja.com/demo/
MyAccountDropDown[[EdgeDriver: MicrosoftEdge on windows (b66652bc1b26c03380fd5f64ab038035)] -> xpath: //a[@title='My Account']]
clicked on MyAccountDropDown 
clicked on RegisterTab 
------------------------
Reached RegisterPage Constructor
Value of rdriver After assignment :EdgeDriver: MicrosoftEdge on windows (b66652bc1b26c03380fd5f64ab038035)
----------Coming out of the RegisterPage Constructor--------------
length of str :3
got webelements 
entered into for loop
got an element in e1 
got an endindex of:lastname=zorawar as 8
value of attribute :lastname
got an element in e1 
got an endindex of:lastname=zorawar as 8
value of attribute :lastname
DomAAttribute matched with given attribute  
sendkeys :zorawar
entered into for loop
got an element in e1 
got an endindex of:email=jimmy20_06_2024_01_27_25@gmail.com as 5
value of attribute :email
got an element in e1 
got an endindex of:email=jimmy20_06_2024_01_27_25@gmail.com as 5
value of attribute :email
got an element in e1 
got an endindex of:email=jimmy20_06_2024_01_27_25@gmail.com as 5
value of attribute :email
DomAAttribute matched with given attribute  
sendkeys :jimmy20_06_2024_01_27_25@gmail.com
entered into for loop
got an element in e1 
got an endindex of:telephone=7897683 as 9
value of attribute :telephone
got an element in e1 
got an endindex of:telephone=7897683 as 9
value of attribute :telephone
got an element in e1 
got an endindex of:telephone=7897683 as 9
value of attribute :telephone
got an element in e1 
got an endindex of:telephone=7897683 as 9
value of attribute :telephone
DomAAttribute matched with given attribute  
sendkeys :7897683
]]></system-out>
    <system-err><![CDATA[Jun 20, 2024 1:27:08 PM org.openqa.selenium.devtools.CdpVersionFinder findNearestMatch
WARNING: Unable to find an exact match for CDP version 126, returning the closest version; found: 125; Please update to a Selenium version that supports CDP version 126
]]></system-err>
  </testcase>
  <testcase name="editAllFields" classname="tutorialsNinjaTests.EditAccountTest" time="13.806">
    <system-out><![CDATA[Test Executed Successfully
took ss 
 Entered before method
edge browser initiated 1
 Came  out of switch block in bt 
-----------Reached URL -------------https://tutorialsninja.com/demo/
-----------Reached driver page Implicitly WAIT -------------
-----------Reached PageLoadtimeout -------------
-----------Reached Window Maximized -------------
------------------------
Reached HomePage Constructor
----------Coming out of the HomePage Constructor--------------
Reached clickOnRegisterTab method State of driver :https://tutorialsninja.com/demo/
MyAccountDropDown[[EdgeDriver: MicrosoftEdge on windows (ea7eca393af2f753644ad895ecb288f1)] -> xpath: //a[@title='My Account']]
clicked on MyAccountDropDown 
clicked on RegisterTab 
------------------------
Reached RegisterPage Constructor
Value of rdriver After assignment :EdgeDriver: MicrosoftEdge on windows (ea7eca393af2f753644ad895ecb288f1)
----------Coming out of the RegisterPage Constructor--------------
length of str :4
got webelements 
entered into for loop
got an element in e1 
got an endindex of:firstname=Ali as 9
value of attribute :firstname
DomAAttribute matched with given attribute  
sendkeys :Ali
entered into for loop
got an element in e1 
got an endindex of:lastname=zafar as 8
value of attribute :lastname
got an element in e1 
got an endindex of:lastname=zafar as 8
value of attribute :lastname
DomAAttribute matched with given attribute  
sendkeys :zafar
entered into for loop
got an element in e1 
got an endindex of:email=jimmy20_06_2024_01_27_41@gmail.com as 5
value of attribute :email
got an element in e1 
got an endindex of:email=jimmy20_06_2024_01_27_41@gmail.com as 5
value of attribute :email
got an element in e1 
got an endindex of:email=jimmy20_06_2024_01_27_41@gmail.com as 5
value of attribute :email
DomAAttribute matched with given attribute  
sendkeys :jimmy20_06_2024_01_27_41@gmail.com
entered into for loop
got an element in e1 
got an endindex of:telephone=4545454 as 9
value of attribute :telephone
got an element in e1 
got an endindex of:telephone=4545454 as 9
value of attribute :telephone
got an element in e1 
got an endindex of:telephone=4545454 as 9
value of attribute :telephone
got an element in e1 
got an endindex of:telephone=4545454 as 9
value of attribute :telephone
DomAAttribute matched with given attribute  
sendkeys :4545454
]]></system-out>
    <system-err><![CDATA[Jun 20, 2024 1:27:29 PM org.openqa.selenium.devtools.CdpVersionFinder findNearestMatch
WARNING: Unable to find an exact match for CDP version 126, returning the closest version; found: 125; Please update to a Selenium version that supports CDP version 126
]]></system-err>
  </testcase>
</testsuite>